<?xml version="1.0" encoding="UTF-8"?>
<testsuite xmlns:xsi="http://www.w3.org/2001/XMLSchema-instance" xsi:noNamespaceSchemaLocation="https://maven.apache.org/surefire/maven-surefire-plugin/xsd/surefire-test-report-3.0.xsd" version="3.0" name="com.rest.RestAssuredTest" time="4.124" tests="1" errors="0" skipped="0" failures="0">
  <properties>
[...]
</properties>
  <testcase name="method" classname="com.rest.RestAssuredTest" time="4.008">
    <system-out><![CDATA[{
    "message": "Flight Created Successfully",
    "data": {
        "id": 4979,
        "flightName": "AirIndia",
        "Country": "India",
        "Destinations": "87",
        "URL": "https://www.google.com/",
        "Created_date": "2023-04-16 20:56:05"
    }
}
2023-04-16 20:56:05
201
]]></system-out>
  </testcase>
</testsuite>